-------------------------------------------------
The trace creation timestamp is: Ср сен 23 21:15:03 20
The executable build timestamp is: Пт июн 26 07:56:36 20
The datecode is: 2020154
The pro machine type is: x86e_win64
The process ID is: 52684
The traceback type is : CRASH
The logger exit status is: 00003
The Trail is: trail.txt.2
The release is: 7.0
The product version is: 7.0.1.0
The product title is: Creo Parametric
-------------------------------------------------
Exception EXCEPTION_ACCESS_VIOLATION has occurred in the thread 52480.

Main Thread 52480
=====================
0x000007FEBE184BB2	NULL (NULL:0) (nvoglv64:0x000007FEBD350000) ( 0x1a81f630, 0xc3c0e48, 0xc3c12d0, 0x0 ) 
0x000007FEBE1A27AD	NULL (NULL:0) (nvoglv64:0x000007FEBD350000) ( 0x3, 0x1, 0xd, 0xc3c0e48 ) 
0x000007FEBE1A399B	NULL (NULL:0) (nvoglv64:0x000007FEBD350000) ( 0x1a81f630, 0x5, 0x0, 0x1f427a50 ) 
0x000007FEBE1A3702	NULL (NULL:0) (nvoglv64:0x000007FEBD350000) ( 0x1, 0x96cd09, 0x0, 0x0 ) 
0x0000000146D9388C	NULL (NULL:0) (xtop:0x000000013F120000) ( 0x1f423a98, 0x246d71b0, 0x96cfd0, 0x0 ) 
0x0000000146D932F5	NULL (NULL:0) (xtop:0x000000013F120000) ( 0x0, 0x1f420000, 0x0, 0x0 ) 
0x0000000146D93BB0	NULL (NULL:0) (xtop:0x000000013F120000) ( 0x1f423a98, 0x2002cac8, 0x0, 0x0 ) 
0x0000000146D92C0A	NULL (NULL:0) (xtop:0x000000013F120000) ( 0x1f427a50, 0x246d71b0, 0x1f428570, 0x1f423a98 ) 
0x0000000146D3F0AD	NULL (NULL:0) (xtop:0x000000013F120000) ( 0x0, 0x246d71b0, 0x10000, 0x0 ) 
0x0000000146D54C14	NULL (NULL:0) (xtop:0x000000013F120000) ( 0x10, 0x0, 0x2, 0x0 ) 
0x0000000146D70917	NULL (NULL:0) (xtop:0x000000013F120000) ( 0x0, 0x0, 0x1, 0x0 ) 
0x0000000146D706CA	NULL (NULL:0) (xtop:0x000000013F120000) ( 0x1f423a98, 0x10e9c498, 0x207ea188, 0x207e0000 ) 
0x0000000146D738BD	NULL (NULL:0) (xtop:0x000000013F120000) ( 0x1, 0xbf236e8, 0x0, 0x0 ) 
0x0000000146D73E0C	NULL (NULL:0) (xtop:0x000000013F120000) ( 0x4, 0x10f51908, 0x10f51968, 0x10f51970 ) 
0x0000000146D60753	NULL (NULL:0) (xtop:0x000000013F120000) ( 0x1f403868, 0x20a15de8, 0xbf236e8, 0xbf236e8 ) 
0x0000000146D5ECB4	NULL (NULL:0) (xtop:0x000000013F120000) ( 0x140e7500, 0x8778658, 0x1f6f3a68, 0x0 ) 
0x0000000145FA0327	NULL (NULL:0) (xtop:0x000000013F120000) ( 0x20a10001, 0x1, 0x1, 0x165b1dc8 ) 
0x0000000145FB1808	NULL (NULL:0) (xtop:0x000000013F120000) ( 0x10f50000, 0x165b1c68, 0x96daf0, 0xbe370a8 ) 
0x0000000145FADFB9	NULL (NULL:0) (xtop:0x000000013F120000) ( 0x20a15de8, 0x0, 0x2, 0x0 ) 
0x000007FECFCD8C1B	NULL (NULL:0) (coretools_sh:0x000007FECFC90000) ( 0xbe370a8, 0x0, 0x28, 0x100 ) 
0x0000000145FB560E	NULL (NULL:0) (xtop:0x000000013F120000) ( 0x0, 0x1f6f3a68, 0x6, 0xcfd134b3 ) 
0x0000000145FA051F	NULL (NULL:0) (xtop:0x000000013F120000) ( 0x6, 0x6, 0x0, 0x0 ) 
0x0000000145FB3510	NULL (NULL:0) (xtop:0x000000013F120000) ( 0x3ef, 0x0, 0x1, 0x0 ) 
0x0000000141F73D7D	NULL (NULL:0) (xtop:0x000000013F120000) ( 0x1, 0x1f403868, 0x0, 0x0 ) 
0x0000000141F7A212	NULL (NULL:0) (xtop:0x000000013F120000) ( 0x5f6b90a7, 0x4b3d52c0, 0x96df10, 0x0 ) 
0x000007FECFCD8C1B	NULL (NULL:0) (coretools_sh:0x000007FECFC90000) ( 0x0, 0x96e160, 0x1000, 0x201522f8 ) 
0x0000000141F7DA49	NULL (NULL:0) (xtop:0x000000013F120000) ( 0x0, 0x45efb7b1, 0x3ef, 0x45f0680e ) 
0x0000000141F79572	NULL (NULL:0) (xtop:0x000000013F120000) ( 0xf884ad8, 0x0, 0x96e0b0, 0x45ff5ecb ) 
0x0000000141F7AEB9	NULL (NULL:0) (xtop:0x000000013F120000) ( 0x1f403868, 0x96e160, 0x1000, 0x96e270 ) 
0x0000000145FF6A8C	NULL (NULL:0) (xtop:0x000000013F120000) ( 0x96e270, 0x3ef, 0x96e270, 0xc128b161 ) 
0x0000000146C459BD	NULL (NULL:0) (xtop:0x000000013F120000) ( 0x1000, 0x0, 0x0, 0x96e1d0 ) 
0x0000000146C43D1C	NULL (NULL:0) (xtop:0x000000013F120000) ( 0x373f, 0x46c42fc0, 0x11e34338, 0x96e380 ) 
0x0000000146CEF72B	NULL (NULL:0) (xtop:0x000000013F120000) ( 0x1f403868, 0x96e380, 0x1, 0x0 ) 
0x0000000146D0C286	NULL (NULL:0) (xtop:0x000000013F120000) ( 0x140acf80, 0x4, 0x1f403868, 0x0 ) 
0x000007FEC10DD1E5	NULL (NULL:0) (libui_sh:0x000007FEC1020000) ( 0x140acf80, 0xffffffff, 0x0, 0x0 ) 
0x0000000145F3AFFC	NULL (NULL:0) (xtop:0x000000013F120000) ( 0x32, 0x0, 0x0, 0xffffffff ) 
0x0000000145F16627	NULL (NULL:0) (xtop:0x000000013F120000) ( 0x1, 0xffffffff, 0x96e530, 0x4b5e3448 ) 
0x0000000145F0FE54	NULL (NULL:0) (xtop:0x000000013F120000) ( 0x96e7d8, 0x80000e, 0x3ef, 0x45fb4b42 ) 
0x000007FECFCD8C1B	NULL (NULL:0) (coretools_sh:0x000007FECFC90000) ( 0x4ec3b770, 0x0, 0x0, 0x165b1dc8 ) 
0x0000000145F163D9	NULL (NULL:0) (xtop:0x000000013F120000) ( 0x3ef, 0x0, 0x1, 0x0 ) 
0x0000000142CEC47A	NULL (NULL:0) (xtop:0x000000013F120000) ( 0x1, 0x1, 0x0, 0x0 ) 
0x0000000142CEBC2A	NULL (NULL:0) (xtop:0x000000013F120000) ( 0x209d0388, 0x96e890, 0x1, 0x1 ) 
0x0000000142CE1520	NULL (NULL:0) (xtop:0x000000013F120000) ( 0x1, 0x1, 0x20980324, 0x1 ) 
0x0000000142CE5C87	NULL (NULL:0) (xtop:0x000000013F120000) ( 0xffffffff, 0x96ec30, 0x0, 0x46e3dd40 ) 
0x0000000142CE4EC0	NULL (NULL:0) (xtop:0x000000013F120000) ( 0x16d73c48, 0x6, 0x0, 0x0 ) 
0x0000000141ED7085	NULL (NULL:0) (xtop:0x000000013F120000) ( 0x16d73c48, 0x96ea70, 0x41ed7040, 0x800004 ) 
0x000000013FED0DCD	NULL (NULL:0) (xtop:0x000000013F120000) ( 0xb, 0xfffffffe, 0x1, 0xffffffff ) 
0x000000013FED02C9	NULL (NULL:0) (xtop:0x000000013F120000) ( 0x16d73c48, 0x4eb4b960, 0x0, 0x800004 ) 
0x000000013FFBFFED	NULL (NULL:0) (xtop:0x000000013F120000) ( 0x96edb0, 0xc13156a0, 0xc1315578, 0x163e1a88 ) 
0x000007FEC12A3294	NULL (NULL:0) (libui_sh:0x000007FEC1020000) ( 0x1, 0x203c1e, 0x800000, 0x800004 ) 
0x000007FEC119FEC2	NULL (NULL:0) (libui_sh:0x000007FEC1020000) ( 0x10ca02d0, 0x0, 0x800004, 0x456ce050 ) 
0x00000001456D312A	NULL (NULL:0) (xtop:0x000000013F120000) ( 0x96f000, 0x0, 0x0, 0x11e00458 ) 
0x00000001456CE059	NULL (NULL:0) (xtop:0x000000013F120000) ( 0x96f2c0, 0x96f310, 0x11e00410, 0xffffffff ) 
0x0000000145F0AA72	NULL (NULL:0) (xtop:0x000000013F120000) ( 0x0, 0x11e00410, 0x11e00458, 0x0 ) 
0x0000000145F0B19E	NULL (NULL:0) (xtop:0x000000013F120000) ( 0x0, 0x0, 0x24, 0x0 ) 
0x0000000145F16627	NULL (NULL:0) (xtop:0x000000013F120000) ( 0x1, 0x2, 0x96f5b0, 0x4b5e3448 ) 
0x0000000145F0FE54	NULL (NULL:0) (xtop:0x000000013F120000) ( 0x7, 0x158, 0x0, 0x0 ) 
0x000007FECFCD8C1B	NULL (NULL:0) (coretools_sh:0x000007FECFC90000) ( 0x4b01ecb1, 0xc138ce20, 0x4, 0x42187a6a ) 
0x0000000145F163D9	NULL (NULL:0) (xtop:0x000000013F120000) ( 0xc138ce20, 0x0, 0x0, 0x96f750 ) 
0x000000013FFF2776	NULL (NULL:0) (xtop:0x000000013F120000) ( 0x3476638, 0x4, 0x0, 0x0 ) 
0x000000013FEE8BFA	NULL (NULL:0) (xtop:0x000000013F120000) ( 0x3476638, 0x0, 0xc138ce20, 0x4 ) 
0x0000000147B87F2A	NULL (NULL:0) (xtop:0x000000013F120000) ( 0x1, 0x96f6c0, 0x3476638, 0x0 ) 
0x0000000147B87FDA	NULL (NULL:0) (xtop:0x000000013F120000) ( 0x3476638, 0x47b87f50, 0x0, 0x2e55670 ) 
0x000007FEC124CD2C	NULL (NULL:0) (libui_sh:0x000007FEC1020000) ( 0x3476638, 0x47b87f50, 0x96fa00, 0x0 ) 
0x000007FEC124E6CF	NULL (NULL:0) (libui_sh:0x000007FEC1020000) ( 0x47b87f50, 0x0, 0x0, 0x0 ) 
0x000007FEC103DBDD	NULL (NULL:0) (libui_sh:0x000007FEC1020000) ( 0xa, 0x4, 0x3476638, 0x99f03747 ) 
0x0000000147B85562	NULL (NULL:0) (xtop:0x000000013F120000) ( 0x0, 0x0, 0x0, 0x0 ) 
0x00000000773C556D	NULL (NULL:0) (kernel32:0x00000000773B0000) ( 0x0, 0x0, 0x0, 0x0 ) 

Thread 53208
=====================
0x00000000775397EA	NULL (NULL:0) (ntdll:0x00000000774D0000) ( 0x0, 0xd13c2f9d, 0x0, 0x45afdf8 ) 
0x000007FEFD1510DC	NULL (NULL:0) (KERNELBASE:0x000007FEFD150000) ( 0xc4fd50, 0x1, 0x0, 0x384 ) 
0x000007FED13E9584	NULL (NULL:0) (asyncoremt:0x000007FED13B0000) ( 0x38a7d50, 0xde8f06e2, 0x38a7d50, 0xde8ef0c8 ) 
0x000007FED13E361F	NULL (NULL:0) (asyncoremt:0x000007FED13B0000) ( 0xc4fd50, 0xbf9fd0, 0x344a628, 0xbf3af0 ) 
0x000007FED13E337A	NULL (NULL:0) (asyncoremt:0x000007FED13B0000) ( 0xb666c0, 0x0, 0xbf9fd0, 0xe19629dc ) 
0x000007FED13E375F	NULL (NULL:0) (asyncoremt:0x000007FED13B0000) ( 0x0, 0x0, 0x0, 0x0 ) 
0x000007FEE18CF4A0	NULL (NULL:0) (ucrtbase:0x000007FEE18B0000) ( 0x0, 0x0, 0x0, 0x0 ) 
0x00000000773C556D	NULL (NULL:0) (kernel32:0x00000000773B0000) ( 0x0, 0x0, 0x0, 0x0 ) 

Thread 6952
=====================
0x0000000077539D5A	NULL (NULL:0) (ntdll:0x00000000774D0000) ( 0x0, 0xbfaab0, 0x340032, 0x34c2eb0 ) 
0x000007FEFD151420	NULL (NULL:0) (KERNELBASE:0x000007FEFD150000) ( 0x4dcf9d0, 0x4dcf9c0, 0x0, 0x774f7b9c ) 
0x00000000773D1273	NULL (NULL:0) (kernel32:0x00000000773B0000) ( 0x4dcfa50, 0xffffffff, 0x1, 0x3b8 ) 
0x00000000772C8E8D	NULL (NULL:0) (USER32:0x00000000772B0000) ( 0xc4fe60, 0xd13f78c0, 0x0, 0x507fe ) 
0x00000000772C6162	NULL (NULL:0) (USER32:0x00000000772B0000) ( 0x0, 0x4dcfba9, 0xbfa950, 0x2 ) 
0x000007FED13E9444	NULL (NULL:0) (asyncoremt:0x000007FED13B0000) ( 0xc4fe60, 0xc4fe60, 0xbf3b40, 0xde8ef0c8 ) 
0x000007FED13E361F	NULL (NULL:0) (asyncoremt:0x000007FED13B0000) ( 0xc4fe60, 0xbfa680, 0x344a628, 0xbf3b40 ) 
0x000007FED13E337A	NULL (NULL:0) (asyncoremt:0x000007FED13B0000) ( 0xb666c0, 0x0, 0xbfa680, 0x0 ) 
0x000007FED13E375F	NULL (NULL:0) (asyncoremt:0x000007FED13B0000) ( 0x0, 0x0, 0x0, 0x0 ) 
0x000007FEE18CF4A0	NULL (NULL:0) (ucrtbase:0x000007FEE18B0000) ( 0x0, 0x0, 0x0, 0x0 ) 
0x00000000773C556D	NULL (NULL:0) (kernel32:0x00000000773B0000) ( 0x0, 0x0, 0x0, 0x0 ) 

Thread 52956
=====================
0x0000000077539D5A	NULL (NULL:0) (ntdll:0x00000000774D0000) ( 0xbfa400, 0xfd1510dc, 0xc302f8, 0x774f7b14 ) 
0x000007FEFD151420	NULL (NULL:0) (KERNELBASE:0x000007FEFD150000) ( 0x55af570, 0x55af550, 0x0, 0xde8fccbb ) 
0x00000000773D1273	NULL (NULL:0) (kernel32:0x00000000773B0000) ( 0x55af618, 0x10, 0x38a85f8, 0x0 ) 
0x000007FED13C00E6	NULL (NULL:0) (asyncoremt:0x000007FED13B0000) ( 0x6ba09094, 0x1, 0x1, 0x55af678 ) 
0x000007FED13B8C54	NULL (NULL:0) (asyncoremt:0x000007FED13B0000) ( 0x1, 0xbfa490, 0x4, 0x0 ) 
0x000007FED13E953E	NULL (NULL:0) (asyncoremt:0x000007FED13B0000) ( 0x38aacd0, 0xde8f06e2, 0x38aacd0, 0xde8ef0c8 ) 
0x000007FED13E361F	NULL (NULL:0) (asyncoremt:0x000007FED13B0000) ( 0xbfa490, 0xbfb900, 0x344a628, 0xbf3be0 ) 
0x000007FED13E337A	NULL (NULL:0) (asyncoremt:0x000007FED13B0000) ( 0xb666c0, 0x0, 0xbfb900, 0x0 ) 
0x000007FED13E375F	NULL (NULL:0) (asyncoremt:0x000007FED13B0000) ( 0x0, 0x0, 0x0, 0x0 ) 
0x000007FEE18CF4A0	NULL (NULL:0) (ucrtbase:0x000007FEE18B0000) ( 0x0, 0x0, 0x0, 0x0 ) 
0x00000000773C556D	NULL (NULL:0) (kernel32:0x00000000773B0000) ( 0x0, 0x0, 0x0, 0x0 ) 

Thread 52452
=====================
0x0000000077539D5A	NULL (NULL:0) (ntdll:0x00000000774D0000) ( 0x0, 0xb30470, 0x48, 0x1 ) 
0x000007FEFD151420	NULL (NULL:0) (KERNELBASE:0x000007FEFD150000) ( 0x5edf798, 0x5edf770, 0x0, 0x5edf840 ) 
0x00000000773D1273	NULL (NULL:0) (kernel32:0x00000000773B0000) ( 0x5edf838, 0x10, 0x38aa888, 0x0 ) 
0x000007FED13C00E6	NULL (NULL:0) (asyncoremt:0x000007FED13B0000) ( 0x755b142e, 0x1, 0x1, 0x5edf898 ) 
0x000007FED13B8C54	NULL (NULL:0) (asyncoremt:0x000007FED13B0000) ( 0x1, 0xbfb700, 0xbfbdc0, 0x768c3510 ) 
0x000007FED13E95AE	NULL (NULL:0) (asyncoremt:0x000007FED13B0000) ( 0xbf92c8, 0xde8fba71, 0x5edfac0, 0xde8fe3f9 ) 
0x000007FED13E3FE7	NULL (NULL:0) (asyncoremt:0x000007FED13B0000) ( 0xbfb700, 0xbfb700, 0xbf3c80, 0xc4ff90 ) 
0x000007FED13E361F	NULL (NULL:0) (asyncoremt:0x000007FED13B0000) ( 0xbfb700, 0xbfbdc0, 0x344a628, 0xbf3c80 ) 
0x000007FED13E337A	NULL (NULL:0) (asyncoremt:0x000007FED13B0000) ( 0xb666c0, 0x0, 0xbfbdc0, 0x0 ) 
0x000007FED13E375F	NULL (NULL:0) (asyncoremt:0x000007FED13B0000) ( 0x0, 0x0, 0x0, 0x0 ) 
0x000007FEE18CF4A0	NULL (NULL:0) (ucrtbase:0x000007FEE18B0000) ( 0x0, 0x0, 0x0, 0x0 ) 
0x00000000773C556D	NULL (NULL:0) (kernel32:0x00000000773B0000) ( 0x0, 0x0, 0x0, 0x0 ) 

Thread 33828
=====================
0x0000000077539D5A	NULL (NULL:0) (ntdll:0x00000000774D0000) ( 0x1b, 0x0, 0x774daa20, 0x774daa20 ) 
0x00000000774E332D	NULL (NULL:0) (ntdll:0x00000000774D0000) ( 0x0, 0x0, 0x0, 0x215abe54 ) 
0x00000000773C556D	NULL (NULL:0) (kernel32:0x00000000773B0000) ( 0x0, 0x0, 0x0, 0x0 ) 

Thread 52196
=====================
0x00000000775397EA	NULL (NULL:0) (ntdll:0x00000000774D0000) ( 0x8, 0xde8f25bd, 0x1126640, 0x1126640 ) 
0x000007FEFD1510DC	NULL (NULL:0) (KERNELBASE:0x000007FEFD150000) ( 0x2e95298, 0x0, 0x0, 0x4ec ) 
0x000007FECFAE4A8B	NULL (NULL:0) (baselibmt:0x000007FECFAB0000) ( 0x0, 0x1, 0x8, 0x40 ) 
0x000007FECFBB7D15	NULL (NULL:0) (baselibmt:0x000007FECFAB0000) ( 0x0, 0x0, 0x2e95280, 0x7fffffff ) 
0x000007FEE18CF4A0	NULL (NULL:0) (ucrtbase:0x000007FEE18B0000) ( 0x0, 0x0, 0x0, 0x0 ) 
0x00000000773C556D	NULL (NULL:0) (kernel32:0x00000000773B0000) ( 0x0, 0x0, 0x0, 0x0 ) 

Thread 51224
=====================
0x000000007753B0AA	NULL (NULL:0) (ntdll:0x00000000774D0000) ( 0x0, 0xc1aa0, 0x0, 0x0 ) 
0x00000000775C97C4	NULL (NULL:0) (ntdll:0x00000000774D0000) ( 0xc1aa0, 0x0, 0xc1aa0, 0x0 ) 
0x00000000773C556D	NULL (NULL:0) (kernel32:0x00000000773B0000) ( 0x0, 0x0, 0x0, 0x0 ) 

Thread 52712
=====================
0x0000000077539AEA	NULL (NULL:0) (ntdll:0x00000000774D0000) ( 0xa93fa88, 0x0, 0x0, 0x0 ) 
0x000007FEFD151203	NULL (NULL:0) (KERNELBASE:0x000007FEFD150000) ( 0x34c7b70, 0x0, 0x0, 0x0 ) 
0x000007FEFF05D828	NULL (NULL:0) (ole32:0x000007FEFF050000) ( 0x0, 0xff06177a, 0x0, 0x0 ) 
0x000007FEFF0616EE	NULL (NULL:0) (ole32:0x000007FEFF050000) ( 0x3535750, 0x0, 0x0, 0x0 ) 
0x000007FEFF05D7DA	NULL (NULL:0) (ole32:0x000007FEFF050000) ( 0x0, 0x0, 0x0, 0x0 ) 
0x00000000773C556D	NULL (NULL:0) (kernel32:0x00000000773B0000) ( 0x0, 0x0, 0x0, 0x0 ) 

Thread 52592
=====================
0x0000000077539AEA	NULL (NULL:0) (ntdll:0x00000000774D0000) ( 0xbdbf738, 0xc010f0, 0x0, 0xc01080 ) 
0x000007FEFD151203	NULL (NULL:0) (KERNELBASE:0x000007FEFD150000) ( 0x0, 0x0, 0x0, 0x0 ) 
0x000000014034BCDF	NULL (NULL:0) (xtop:0x000000013F120000) ( 0xbfe420, 0xbf4270, 0x344a628, 0xc010f0 ) 
0x000007FED13E361F	NULL (NULL:0) (asyncoremt:0x000007FED13B0000) ( 0xbfe420, 0xc01110, 0x344a628, 0xbf4270 ) 
0x000007FED13E337A	NULL (NULL:0) (asyncoremt:0x000007FED13B0000) ( 0xb666c0, 0x0, 0xc01110, 0x0 ) 
0x000007FED13E375F	NULL (NULL:0) (asyncoremt:0x000007FED13B0000) ( 0x0, 0x0, 0x0, 0x0 ) 
0x000007FEE18CF4A0	NULL (NULL:0) (ucrtbase:0x000007FEE18B0000) ( 0x0, 0x0, 0x0, 0x0 ) 
0x00000000773C556D	NULL (NULL:0) (kernel32:0x00000000773B0000) ( 0x0, 0x0, 0x0, 0x0 ) 

Thread 6752
=====================
0x0000000077539D5A	NULL (NULL:0) (ntdll:0x00000000774D0000) ( 0x0, 0x0, 0x0, 0x0 ) 
0x000007FEFD151420	NULL (NULL:0) (KERNELBASE:0x000007FEFD150000) ( 0x960f8a0, 0x960f890, 0x0, 0x0 ) 
0x00000000773C0260	NULL (NULL:0) (kernel32:0x00000000773B0000) ( 0x0, 0x0, 0x0, 0x0 ) 
0x0000000145F72958	NULL (NULL:0) (xtop:0x000000013F120000) ( 0x0, 0x0, 0x0, 0x0 ) 
0x00000000773C556D	NULL (NULL:0) (kernel32:0x00000000773B0000) ( 0x0, 0x0, 0x0, 0x0 ) 

Thread 52488
=====================
0x00000000775397EA	NULL (NULL:0) (ntdll:0x00000000774D0000) ( 0xc21f40, 0x773d15aa, 0xb668a0, 0x0 ) 
0x000007FEFD1510DC	NULL (NULL:0) (KERNELBASE:0x000007FEFD150000) ( 0x344a628, 0xffff, 0x0, 0x7fc ) 
0x000007FECFAE4AB7	NULL (NULL:0) (baselibmt:0x000007FECFAB0000) ( 0x344a628, 0xc10340, 0xc21f40, 0xc21f40 ) 
0x000007FED13E3465	NULL (NULL:0) (asyncoremt:0x000007FED13B0000) ( 0xb666c0, 0x0, 0xc01e00, 0x0 ) 
0x000007FED13E375F	NULL (NULL:0) (asyncoremt:0x000007FED13B0000) ( 0x0, 0x0, 0x0, 0x0 ) 
0x000007FEE18CF4A0	NULL (NULL:0) (ucrtbase:0x000007FEE18B0000) ( 0x0, 0x0, 0x0, 0x0 ) 
0x00000000773C556D	NULL (NULL:0) (kernel32:0x00000000773B0000) ( 0x0, 0x0, 0x0, 0x0 ) 

Thread 53092
=====================
0x00000000775397EA	NULL (NULL:0) (ntdll:0x00000000774D0000) ( 0x0, 0x772ea8b2, 0x1796710, 0x1 ) 
0x000007FEFD1510DC	NULL (NULL:0) (KERNELBASE:0x000007FEFD150000) ( 0xc3c0080, 0xbf740ac0, 0x0, 0x7d0 ) 
0x000007FEBDE50DEA	NULL (NULL:0) (nvoglv64:0x000007FEBD350000) ( 0x103, 0x0, 0xc3c0080, 0xc3c0080 ) 
0x000007FEBDBE6CAE	NULL (NULL:0) (nvoglv64:0x000007FEBD350000) ( 0xc3c0080, 0x0, 0x0, 0x0 ) 
0x000007FEBDBE6960	NULL (NULL:0) (nvoglv64:0x000007FEBD350000) ( 0x0, 0x0, 0x0, 0x0 ) 
0x000007FEBDE53308	NULL (NULL:0) (nvoglv64:0x000007FEBD350000) ( 0x0, 0x0, 0x0, 0x0 ) 
0x00000000773C556D	NULL (NULL:0) (kernel32:0x00000000773B0000) ( 0x0, 0x0, 0x0, 0x0 ) 

Thread 52948
=====================
0x0000000077539D5A	NULL (NULL:0) (ntdll:0x00000000774D0000) ( 0x7936a2e4, 0x0, 0x1d, 0xbf331cf0 ) 
0x000007FEFD151420	NULL (NULL:0) (KERNELBASE:0x000007FEFD150000) ( 0xea4f958, 0xea4f940, 0x0, 0xbf331ed8 ) 
0x00000000773C0260	NULL (NULL:0) (kernel32:0x00000000773B0000) ( 0x0, 0x0, 0x35b59f0, 0x0 ) 
0x000007FEBDE84E65	NULL (NULL:0) (nvoglv64:0x000007FEBD350000) ( 0xcde8d70, 0x0, 0x0, 0x0 ) 
0x000007FEBDE84449	NULL (NULL:0) (nvoglv64:0x000007FEBD350000) ( 0x0, 0x0, 0x0, 0x0 ) 
0x000007FEBE2B6098	NULL (NULL:0) (nvoglv64:0x000007FEBD350000) ( 0x0, 0x0, 0x0, 0x0 ) 
0x00000000773C556D	NULL (NULL:0) (kernel32:0x00000000773B0000) ( 0x0, 0x0, 0x0, 0x0 ) 

Thread 50112
=====================
0x000000007753B0AA	NULL (NULL:0) (ntdll:0x00000000774D0000) ( 0x10000, 0x0, 0xbb260, 0xc19b0 ) 
0x00000000775C97C4	NULL (NULL:0) (ntdll:0x00000000774D0000) ( 0xc19b0, 0x3, 0xc19b0, 0x2e722b0 ) 
0x00000000773C556D	NULL (NULL:0) (kernel32:0x00000000773B0000) ( 0x0, 0x0, 0x0, 0x0 ) 

Thread 7692
=====================
0x00000000775397EA	NULL (NULL:0) (ntdll:0x00000000774D0000) ( 0xc22b40, 0x773d15aa, 0xb668a0, 0x0 ) 
0x000007FEFD1510DC	NULL (NULL:0) (KERNELBASE:0x000007FEFD150000) ( 0x344a628, 0x40, 0x0, 0x938 ) 
0x000007FECFAE4AB7	NULL (NULL:0) (baselibmt:0x000007FECFAB0000) ( 0x344a628, 0xc104c0, 0xc22b40, 0xc22b40 ) 
0x000007FED13E3465	NULL (NULL:0) (asyncoremt:0x000007FED13B0000) ( 0xb666c0, 0x0, 0xc0a0d0, 0x0 ) 
0x000007FED13E375F	NULL (NULL:0) (asyncoremt:0x000007FED13B0000) ( 0x0, 0x0, 0x0, 0x0 ) 
0x000007FEE18CF4A0	NULL (NULL:0) (ucrtbase:0x000007FEE18B0000) ( 0x0, 0x0, 0x0, 0x0 ) 
0x00000000773C556D	NULL (NULL:0) (kernel32:0x00000000773B0000) ( 0x0, 0x0, 0x0, 0x0 ) 

Thread 50420
=====================
0x00000000775397EA	NULL (NULL:0) (ntdll:0x00000000774D0000) ( 0x8, 0xde8f25bd, 0x1126640, 0x1126640 ) 
0x000007FEFD1510DC	NULL (NULL:0) (KERNELBASE:0x000007FEFD150000) ( 0xced2758, 0x0, 0x0, 0x948 ) 
0x000007FECFAE4A8B	NULL (NULL:0) (baselibmt:0x000007FECFAB0000) ( 0x0, 0x1, 0x8, 0x40 ) 
0x000007FECFBB7D15	NULL (NULL:0) (baselibmt:0x000007FECFAB0000) ( 0x0, 0x0, 0xced2740, 0x7fffffff ) 
0x000007FEE18CF4A0	NULL (NULL:0) (ucrtbase:0x000007FEE18B0000) ( 0x0, 0x0, 0x0, 0x0 ) 
0x00000000773C556D	NULL (NULL:0) (kernel32:0x00000000773B0000) ( 0x0, 0x0, 0x0, 0x0 ) 

Thread 49104
=====================
0x00000000772C9D4A	NULL (NULL:0) (USER32:0x00000000772B0000) ( 0x0, 0x0, 0x0, 0x0 ) 
0x00000000772C600E	NULL (NULL:0) (USER32:0x00000000772B0000) ( 0x0, 0x0, 0x0, 0x0 ) 
0x0000000145F7A2A3	NULL (NULL:0) (xtop:0x000000013F120000) ( 0x0, 0x0, 0x0, 0x0 ) 
0x00000000773C556D	NULL (NULL:0) (kernel32:0x00000000773B0000) ( 0x0, 0x0, 0x0, 0x0 ) 

Thread 48964
=====================
0x0000000077539D5A	NULL (NULL:0) (ntdll:0x00000000774D0000) ( 0x0, 0x0, 0x1ba9f650, 0x0 ) 
0x000007FEFD151420	NULL (NULL:0) (KERNELBASE:0x000007FEFD150000) ( 0x1ba9f7c0, 0x1ba9f780, 0x0, 0x772bb71c ) 
0x00000000773D1273	NULL (NULL:0) (kernel32:0x00000000773B0000) ( 0x1ba9f810, 0xffffffff, 0x7, 0x958 ) 
0x00000000772C8E8D	NULL (NULL:0) (USER32:0x00000000772B0000) ( 0x0, 0x1ba9fa00, 0x0, 0x0 ) 
0x00000000772C6162	NULL (NULL:0) (USER32:0x00000000772B0000) ( 0x0, 0xfd15890a, 0x0, 0xbd350000 ) 
0x00000000772C6190	NULL (NULL:0) (USER32:0x00000000772B0000) ( 0x0, 0x1ba9fa00, 0x0, 0x0 ) 
0x000007FEBDE4C2CD	NULL (NULL:0) (nvoglv64:0x000007FEBD350000) ( 0x0, 0x0, 0x0, 0x0 ) 
0x00000000773C556D	NULL (NULL:0) (kernel32:0x00000000773B0000) ( 0x0, 0x0, 0x0, 0x0 ) 

Thread 52200
=====================
0x00000000775397EA	NULL (NULL:0) (ntdll:0x00000000774D0000) ( 0x0, 0x0, 0x0, 0x0 ) 
0x000007FEFD1510DC	NULL (NULL:0) (KERNELBASE:0x000007FEFD150000) ( 0x1a43bd10, 0xbf84e090, 0x0, 0x9ec ) 
0x000007FEBDE50DEA	NULL (NULL:0) (nvoglv64:0x000007FEBD350000) ( 0x1a43bd10, 0x0, 0xcbe8, 0x0 ) 
0x000007FEBDC53873	NULL (NULL:0) (nvoglv64:0x000007FEBD350000) ( 0x1a43bd10, 0x0, 0x0, 0x0 ) 
0x000007FEBDC53AA6	NULL (NULL:0) (nvoglv64:0x000007FEBD350000) ( 0x1a43bd10, 0x0, 0x0, 0x0 ) 
0x000007FEBDE53308	NULL (NULL:0) (nvoglv64:0x000007FEBD350000) ( 0x0, 0x0, 0x0, 0x0 ) 
0x00000000773C556D	NULL (NULL:0) (kernel32:0x00000000773B0000) ( 0x0, 0x0, 0x0, 0x0 ) 

Thread 50512
=====================
0x00000000775397EA	NULL (NULL:0) (ntdll:0x00000000774D0000) ( 0x0, 0x0, 0x0, 0x0 ) 
0x000007FEFD1510DC	NULL (NULL:0) (KERNELBASE:0x000007FEFD150000) ( 0x1a43be50, 0xbf84e090, 0x0, 0x9ec ) 
0x000007FEBDE50DEA	NULL (NULL:0) (nvoglv64:0x000007FEBD350000) ( 0x1a43be50, 0x0, 0xc550, 0x0 ) 
0x000007FEBDEF97BF	NULL (NULL:0) (nvoglv64:0x000007FEBD350000) ( 0x0, 0x0, 0x0, 0x0 ) 
0x000007FEBDC53B47	NULL (NULL:0) (nvoglv64:0x000007FEBD350000) ( 0x1a43be50, 0x0, 0x0, 0x0 ) 
0x000007FEBDE53308	NULL (NULL:0) (nvoglv64:0x000007FEBD350000) ( 0x0, 0x0, 0x0, 0x0 ) 
0x00000000773C556D	NULL (NULL:0) (kernel32:0x00000000773B0000) ( 0x0, 0x0, 0x0, 0x0 ) 

Thread 52164
=====================
0x00000000775397EA	NULL (NULL:0) (ntdll:0x00000000774D0000) ( 0x0, 0x0, 0x0, 0x0 ) 
0x000007FEFD1510DC	NULL (NULL:0) (KERNELBASE:0x000007FEFD150000) ( 0x1a43bf90, 0xbf84e090, 0x0, 0x9ec ) 
0x000007FEBDE50DEA	NULL (NULL:0) (nvoglv64:0x000007FEBD350000) ( 0x1a43bf90, 0x0, 0xcbc4, 0x0 ) 
0x000007FEBDEF97BF	NULL (NULL:0) (nvoglv64:0x000007FEBD350000) ( 0x0, 0x0, 0x0, 0x0 ) 
0x000007FEBDC53B47	NULL (NULL:0) (nvoglv64:0x000007FEBD350000) ( 0x1a43bf90, 0x0, 0x0, 0x0 ) 
0x000007FEBDE53308	NULL (NULL:0) (nvoglv64:0x000007FEBD350000) ( 0x0, 0x0, 0x0, 0x0 ) 
0x00000000773C556D	NULL (NULL:0) (kernel32:0x00000000773B0000) ( 0x0, 0x0, 0x0, 0x0 ) 

Thread 50212
=====================
0x00000000775397EA	NULL (NULL:0) (ntdll:0x00000000774D0000) ( 0x0, 0x0, 0x0, 0x0 ) 
0x000007FEFD1510DC	NULL (NULL:0) (KERNELBASE:0x000007FEFD150000) ( 0x1a43c0d0, 0xbf84e090, 0x0, 0x9ec ) 
0x000007FEBDE50DEA	NULL (NULL:0) (nvoglv64:0x000007FEBD350000) ( 0x1a43c0d0, 0x0, 0xc424, 0x0 ) 
0x000007FEBDEF97BF	NULL (NULL:0) (nvoglv64:0x000007FEBD350000) ( 0x0, 0x0, 0x0, 0x0 ) 
0x000007FEBDC53B47	NULL (NULL:0) (nvoglv64:0x000007FEBD350000) ( 0x1a43c0d0, 0x0, 0x0, 0x0 ) 
0x000007FEBDE53308	NULL (NULL:0) (nvoglv64:0x000007FEBD350000) ( 0x0, 0x0, 0x0, 0x0 ) 
0x00000000773C556D	NULL (NULL:0) (kernel32:0x00000000773B0000) ( 0x0, 0x0, 0x0, 0x0 ) 

Thread 52388
=====================
0x0000000077539AEA	NULL (NULL:0) (ntdll:0x00000000774D0000) ( 0x225ff9b8, 0xcfd2225d, 0x5f6b9073, 0x3a7ab9dc ) 
0x000007FEFD151203	NULL (NULL:0) (KERNELBASE:0x000007FEFD150000) ( 0x0, 0x0, 0x0, 0x0 ) 
0x000007FECF2E26C9	NULL (NULL:0) (exitlogger_app_sh:0x000007FECF2E0000) ( 0x3c, 0x12c, 0x0, 0x0 ) 
0x000007FECFBB7AD2	NULL (NULL:0) (baselibmt:0x000007FECFAB0000) ( 0x0, 0x0, 0x1a7b0c70, 0x0 ) 
0x000007FEE18CF4A0	NULL (NULL:0) (ucrtbase:0x000007FEE18B0000) ( 0x0, 0x0, 0x0, 0x0 ) 
0x00000000773C556D	NULL (NULL:0) (kernel32:0x00000000773B0000) ( 0x0, 0x0, 0x0, 0x0 ) 

Thread 51236
=====================
0x00000000775397EA	NULL (NULL:0) (ntdll:0x00000000774D0000) ( 0xc21f90, 0x773d15aa, 0xb668a0, 0x0 ) 
0x000007FEFD1510DC	NULL (NULL:0) (KERNELBASE:0x000007FEFD150000) ( 0x344a628, 0xffff, 0x0, 0xbf0 ) 
0x000007FECFAE4AB7	NULL (NULL:0) (baselibmt:0x000007FECFAB0000) ( 0x344a628, 0xc10440, 0xc21f90, 0xc21f90 ) 
0x000007FED13E3465	NULL (NULL:0) (asyncoremt:0x000007FED13B0000) ( 0xb666c0, 0x0, 0x1f8a2870, 0x0 ) 
0x000007FED13E375F	NULL (NULL:0) (asyncoremt:0x000007FED13B0000) ( 0x0, 0x0, 0x0, 0x0 ) 
0x000007FEE18CF4A0	NULL (NULL:0) (ucrtbase:0x000007FEE18B0000) ( 0x0, 0x0, 0x0, 0x0 ) 
0x00000000773C556D	NULL (NULL:0) (kernel32:0x00000000773B0000) ( 0x0, 0x0, 0x0, 0x0 ) 

Thread 4024
=====================
0x00000000775397EA	NULL (NULL:0) (ntdll:0x00000000774D0000) ( 0xc22b40, 0x773d15aa, 0xb668a0, 0x0 ) 
0x000007FEFD1510DC	NULL (NULL:0) (KERNELBASE:0x000007FEFD150000) ( 0x344a628, 0x0, 0x0, 0xbfc ) 
0x000007FECFAE4AB7	NULL (NULL:0) (baselibmt:0x000007FECFAB0000) ( 0x344a628, 0xc102c0, 0xc22b40, 0xc22b40 ) 
0x000007FED13E3465	NULL (NULL:0) (asyncoremt:0x000007FED13B0000) ( 0xb666c0, 0x0, 0x1f8a5680, 0x0 ) 
0x000007FED13E375F	NULL (NULL:0) (asyncoremt:0x000007FED13B0000) ( 0x0, 0x0, 0x0, 0x0 ) 
0x000007FEE18CF4A0	NULL (NULL:0) (ucrtbase:0x000007FEE18B0000) ( 0x0, 0x0, 0x0, 0x0 ) 
0x00000000773C556D	NULL (NULL:0) (kernel32:0x00000000773B0000) ( 0x0, 0x0, 0x0, 0x0 ) 

Thread 49960
=====================
0x000000007753B0AA	NULL (NULL:0) (ntdll:0x00000000774D0000) ( 0x0, 0x0, 0x0, 0x0 ) 
0x00000000775C97C4	NULL (NULL:0) (ntdll:0x00000000774D0000) ( 0x4, 0x3, 0xc18c0, 0x2edfb30 ) 
0x00000000773C556D	NULL (NULL:0) (kernel32:0x00000000773B0000) ( 0x0, 0x0, 0x0, 0x0 ) 

Thread 50468
=====================
0x000000007753B0AA	NULL (NULL:0) (ntdll:0x00000000774D0000) ( 0x30000, 0x0, 0x30000, 0x0 ) 
0x00000000775C97C4	NULL (NULL:0) (ntdll:0x00000000774D0000) ( 0x4, 0x3, 0xc18c0, 0x2edfb30 ) 
0x00000000773C556D	NULL (NULL:0) (kernel32:0x00000000773B0000) ( 0x0, 0x0, 0x0, 0x0 ) 
